#
# There is insufficient memory for the Java Runtime Environment to continue.
# Native memory allocation (malloc) failed to allocate 1048576 bytes for AllocateHeap
# Possible reasons:
#   The system is out of physical RAM or swap space
#   In 32 bit mode, the process size limit was hit
# Possible solutions:
#   Reduce memory load on the system
#   Increase physical memory or swap space
#   Check if swap backing store is full
#   Use 64 bit Java on a 64 bit OS
#   Decrease Java heap size (-Xmx/-Xms)
#   Decrease number of Java threads
#   Decrease Java thread stack sizes (-Xss)
#   Set larger code cache with -XX:ReservedCodeCacheSize=
# This output file may be truncated or incomplete.
#
#  Out of Memory Error (memory/allocation.inline.hpp:62), pid=4116, tid=472
#
# JRE version:  (8.0_31-b13) (build )
# Java VM: Java HotSpot(TM) 64-Bit Server VM (25.31-b07 mixed mode windows-amd64 compressed oops)
# Failed to write core dump. Minidumps are not enabled by default on client versions of Windows
#

---------------  T H R E A D  ---------------

Current thread (0x0000000001d1d800):  JavaThread "Unknown thread" [_thread_in_vm, id=472, stack(0x0000000001bd0000,0x0000000001cd0000)]

Stack: [0x0000000001bd0000,0x0000000001cd0000]
Native frames: (J=compiled Java code, j=interpreted, Vv=VM code, C=native code)
V  [jvm.dll+0x3169ba]
V  [jvm.dll+0x2674c3]
V  [jvm.dll+0x268103]
V  [jvm.dll+0x25f8f5]
V  [jvm.dll+0x25e94f]
V  [jvm.dll+0x3d6aac]
V  [jvm.dll+0x3d2017]
V  [jvm.dll+0xe54d2]
V  [jvm.dll+0x1fa089]
V  [jvm.dll+0x22b694]
V  [jvm.dll+0x14d8c1]
C  [javaw.exe+0x20c6]
C  [javaw.exe+0xc9eb]
C  [javaw.exe+0xca7f]
C  [KERNEL32.DLL+0x13d2]
C  [ntdll.dll+0x6e954]


---------------  P R O C E S S  ---------------

Java Threads: ( => current thread )

Other Threads:

=>0x0000000001d1d800 (exited) JavaThread "Unknown thread" [_thread_in_vm, id=472, stack(0x0000000001bd0000,0x0000000001cd0000)]

VM state:not at safepoint (normal execution)

VM Mutex/Monitor currently owned by a thread: None

Heap:
 PSYoungGen      total 18944K, used 327K [0x00000000eb380000, 0x00000000ec880000, 0x0000000100000000)
  eden space 16384K, 2% used [0x00000000eb380000,0x00000000eb3d1ec8,0x00000000ec380000)
  from space 2560K, 0% used [0x00000000ec600000,0x00000000ec600000,0x00000000ec880000)
  to   space 2560K, 0% used [0x00000000ec380000,0x00000000ec380000,0x00000000ec600000)
 ParOldGen       total 44032K, used 0K [0x00000000c1a00000, 0x00000000c4500000, 0x00000000eb380000)
  object space 44032K, 0% used [0x00000000c1a00000,0x00000000c1a00000,0x00000000c4500000)
 Metaspace       used 657K, capacity 4480K, committed 4480K, reserved 1056768K
  class space    used 67K, capacity 384K, committed 384K, reserved 1048576K

Card table byte_map: [0x00000000111e0000,0x00000000113e0000] byte_map_base: 0x0000000010bd3000

Marking Bits: (ParMarkBitMap*) 0x000000006efbd4f0
 Begin Bits: [0x0000000011930000, 0x00000000128c8000)
 End Bits:   [0x00000000128c8000, 0x0000000013860000)

Polling page: 0x00000000002c0000

CodeCache: size=245760Kb used=327Kb max_used=327Kb free=245432Kb
 bounds [0x0000000001e20000, 0x0000000002090000, 0x0000000010e20000]
 total_blobs=56 nmethods=0 adapters=37
 compilation: enabled

Compilation events (0 events):
No events

GC Heap History (0 events):
No events

Deoptimization events (0 events):
No events

Internal exceptions (0 events):
No events

Events (10 events):
Event: 0.038 loading class java/lang/Short
Event: 0.039 loading class java/lang/Short done
Event: 0.039 loading class java/lang/Integer
Event: 0.039 loading class java/lang/Integer done
Event: 0.039 loading class java/lang/Long
Event: 0.039 loading class java/lang/Long done
Event: 0.039 loading class java/lang/NullPointerException
Event: 0.039 loading class java/lang/NullPointerException done
Event: 0.039 loading class java/lang/ArithmeticException
Event: 0.039 loading class java/lang/ArithmeticException done


Dynamic libraries:
0x00007ff6e3b00000 - 0x00007ff6e3b34000 	C:\Program Files\Java\jre1.8.0_31\bin\javaw.exe
0x00007ffce8700000 - 0x00007ffce88ac000 	C:\WINDOWS\SYSTEM32\ntdll.dll
0x00007ffce8030000 - 0x00007ffce816e000 	C:\WINDOWS\system32\KERNEL32.DLL
0x00007ffce5bb0000 - 0x00007ffce5cc5000 	C:\WINDOWS\system32\KERNELBASE.dll
0x00007ffce43f0000 - 0x00007ffce447e000 	C:\WINDOWS\system32\apphelp.dll
0x00007ffccb420000 - 0x00007ffccb473000 	C:\WINDOWS\AppPatch\AppPatch64\AcGenral.DLL
0x00007ffce7b20000 - 0x00007ffce7bca000 	C:\WINDOWS\system32\msvcrt.dll
0x00007ffce5620000 - 0x00007ffce564e000 	C:\WINDOWS\SYSTEM32\SspiCli.dll
0x00007ffce75f0000 - 0x00007ffce7644000 	C:\WINDOWS\system32\SHLWAPI.dll
0x00007ffce7d50000 - 0x00007ffce7ec7000 	C:\WINDOWS\system32\USER32.dll
0x00007ffce7980000 - 0x00007ffce7b14000 	C:\WINDOWS\system32\ole32.dll
0x00007ffce5fb0000 - 0x00007ffce74c8000 	C:\WINDOWS\system32\SHELL32.dll
0x00007ffce4df0000 - 0x00007ffce4e11000 	C:\WINDOWS\SYSTEM32\USERENV.dll
0x00007ffce74d0000 - 0x00007ffce757a000 	C:\WINDOWS\system32\ADVAPI32.dll
0x00007ffcdd810000 - 0x00007ffcdd82e000 	C:\WINDOWS\SYSTEM32\MPR.dll
0x00007ffce85b0000 - 0x00007ffce86f1000 	C:\WINDOWS\system32\RPCRT4.dll
0x00007ffce5f50000 - 0x00007ffce5fa9000 	C:\WINDOWS\SYSTEM32\sechost.dll
0x00007ffce8390000 - 0x00007ffce85a1000 	C:\WINDOWS\SYSTEM32\combase.dll
0x00007ffce5de0000 - 0x00007ffce5f31000 	C:\WINDOWS\system32\GDI32.dll
0x00007ffce5850000 - 0x00007ffce5865000 	C:\WINDOWS\SYSTEM32\profapi.dll
0x00007ffce4080000 - 0x00007ffce4132000 	C:\WINDOWS\SYSTEM32\SHCORE.dll
0x00007ffce8350000 - 0x00007ffce8386000 	C:\WINDOWS\system32\IMM32.DLL
0x00007ffce7ed0000 - 0x00007ffce8021000 	C:\WINDOWS\system32\MSCTF.dll
0x00007ffce3c00000 - 0x00007ffce3e7b000 	C:\WINDOWS\WinSxS\amd64_microsoft.windows.common-controls_6595b64144ccf1df_6.0.9600.17415_none_6240486fecbd8abb\COMCTL32.dll
0x000000006e5b0000 - 0x000000006e682000 	C:\Program Files\Java\jre1.8.0_31\bin\msvcr100.dll
0x000000006e7e0000 - 0x000000006f03a000 	C:\Program Files\Java\jre1.8.0_31\bin\server\jvm.dll
0x00007ffce2240000 - 0x00007ffce2249000 	C:\WINDOWS\SYSTEM32\WSOCK32.dll
0x00007ffce08c0000 - 0x00007ffce08e2000 	C:\WINDOWS\SYSTEM32\WINMM.dll
0x00007ffce5f40000 - 0x00007ffce5f47000 	C:\WINDOWS\system32\PSAPI.DLL
0x00007ffce7580000 - 0x00007ffce75da000 	C:\WINDOWS\system32\WS2_32.dll
0x00007ffce0890000 - 0x00007ffce08ba000 	C:\WINDOWS\SYSTEM32\WINMMBASE.dll
0x00007ffce76c0000 - 0x00007ffce76c9000 	C:\WINDOWS\system32\NSI.dll
0x00007ffce5b60000 - 0x00007ffce5baf000 	C:\WINDOWS\SYSTEM32\cfgmgr32.dll
0x00007ffce4670000 - 0x00007ffce4698000 	C:\WINDOWS\SYSTEM32\DEVOBJ.dll
0x000000006fb90000 - 0x000000006fb9f000 	C:\Program Files\Java\jre1.8.0_31\bin\verify.dll
0x000000006fb60000 - 0x000000006fb88000 	C:\Program Files\Java\jre1.8.0_31\bin\java.dll
0x000000006fb40000 - 0x000000006fb56000 	C:\Program Files\Java\jre1.8.0_31\bin\zip.dll
0x00007ffcd8b80000 - 0x00007ffcd8d0a000 	C:\WINDOWS\SYSTEM32\dbghelp.dll

VM Arguments:
jvm_args: -Dfile.encoding=Cp1252 
java_command: Server
java_class_path (initial): C:\Users\ZAZA\workspace\Android\ProjetoBlue\bin;C:\Users\ZAZA\workspace\Android\ProjetoBlue\bluecove-2.1.1-SNAPSHOT.jar;C:\Users\ZAZA\workspace\Android\ProjetoBlue\bluecove-gpl-2.1.1-SNAPSHOT.jar
Launcher Type: SUN_STANDARD

Environment Variables:
JAVA_HOME=C:\Program Files\Java\jdk1.8.0_05
USERNAME=ZAZA
OS=Windows_NT
PROCESSOR_IDENTIFIER=Intel64 Family 6 Model 58 Stepping 9, GenuineIntel



---------------  S Y S T E M  ---------------

OS: Windows 8.1 , 64 bit Build 9600 

CPU:total 4 (2 cores per cpu, 2 threads per core) family 6 model 58 stepping 9, cmov, cx8, fxsr, mmx, sse, sse2, sse3, ssse3, sse4.1, sse4.2, popcnt, avx, aes, clmul, erms, ht, tsc, tscinvbit, tscinv

Memory: 4k page, physical 4083996k(1053988k free), swap 4083996k(5592k free)

vm_info: Java HotSpot(TM) 64-Bit Server VM (25.31-b07) for windows-amd64 JRE (1.8.0_31-b13), built on Dec 17 2014 21:00:28 by "java_re" with MS VC++ 10.0 (VS2010)

time: Sat Mar 14 05:50:02 2015
elapsed time: 0 seconds (0d 0h 0m 0s)

